# JRE version: OpenJDK Runtime Environment (17.0.6) (build 17.0.6+0-b2043.56-10027231)
# Java VM: OpenJDK 64-Bit Server VM (17.0.6+0-b2043.56-10027231, mixed mode, tiered, compressed oops, compressed class ptrs, g1 gc, windows-amd64)
GC Precious Log:
 CPUs: 12 total, 12 available
 Memory: 7521M
 Large Page Support: Disabled
 NUMA Support: Disabled
 Compressed Oops: Enabled (32-bit)
 Heap Region Size: 1M
 Heap Min Capacity: 8M
 Heap Initial Capacity: 118M
 Heap Max Capacity: 1882M
 Pre-touch: Disabled
 Parallel Workers: 10
 Concurrent Workers: 3
 Concurrent Refinement Workers: 10
 Periodic GC: Disabled
Heap:
 garbage-first heap   total 191488K, used 103699K [0x000000008a600000, 0x0000000100000000)
  region size 1024K, 41 young (41984K), 2 survivors (2048K)
 Metaspace       used 81888K, committed 82304K, reserved 1122304K
  class space    used 9285K, committed 9472K, reserved 1048576K
GC Heap History (20 events):
Event: 3.259 GC heap before
{Heap before GC invocations=19 (full 0):
 garbage-first heap   total 69632K, used 55287K [0x000000008a600000, 0x0000000100000000)
  region size 1024K, 21 young (21504K), 2 survivors (2048K)
 Metaspace       used 54290K, committed 54592K, reserved 1097728K
  class space    used 6602K, committed 6720K, reserved 1048576K
}
Event: 3.266 GC heap after
{Heap after GC invocations=20 (full 0):
 garbage-first heap   total 69632K, used 38673K [0x000000008a600000, 0x0000000100000000)
  region size 1024K, 3 young (3072K), 3 survivors (3072K)
 Metaspace       used 54290K, committed 54592K, reserved 1097728K
  class space    used 6602K, committed 6720K, reserved 1048576K
}
Event: 3.539 GC heap before
{Heap before GC invocations=20 (full 0):
 garbage-first heap   total 69632K, used 54033K [0x000000008a600000, 0x0000000100000000)
  region size 1024K, 19 young (19456K), 3 survivors (3072K)
 Metaspace       used 55071K, committed 55360K, reserved 1105920K
  class space    used 6640K, committed 6784K, reserved 1048576K
}
Event: 3.547 GC heap after
{Heap after GC invocations=21 (full 0):
 garbage-first heap   total 91136K, used 41836K [0x000000008a600000, 0x0000000100000000)
  region size 1024K, 3 young (3072K), 3 survivors (3072K)
 Metaspace       used 55071K, committed 55360K, reserved 1105920K
  class space    used 6640K, committed 6784K, reserved 1048576K
}
Event: 4.056 GC heap before
{Heap before GC invocations=22 (full 0):
 garbage-first heap   total 91136K, used 70508K [0x000000008a600000, 0x0000000100000000)
  region size 1024K, 31 young (31744K), 3 survivors (3072K)
 Metaspace       used 56687K, committed 57024K, reserved 1105920K
  class space    used 6756K, committed 6912K, reserved 1048576K
}
Event: 4.069 GC heap after
{Heap after GC invocations=23 (full 0):
 garbage-first heap   total 91136K, used 47229K [0x000000008a600000, 0x0000000100000000)
  region size 1024K, 4 young (4096K), 4 survivors (4096K)
 Metaspace       used 56687K, committed 57024K, reserved 1105920K
  class space    used 6756K, committed 6912K, reserved 1048576K
}
Event: 4.080 GC heap before
{Heap before GC invocations=23 (full 0):
 garbage-first heap   total 91136K, used 48253K [0x000000008a600000, 0x0000000100000000)
  region size 1024K, 5 young (5120K), 4 survivors (4096K)
 Metaspace       used 56703K, committed 57024K, reserved 1105920K
  class space    used 6756K, committed 6912K, reserved 1048576K
}
Event: 4.089 GC heap after
{Heap after GC invocations=24 (full 0):
 garbage-first heap   total 91136K, used 47735K [0x000000008a600000, 0x0000000100000000)
  region size 1024K, 1 young (1024K), 1 survivors (1024K)
 Metaspace       used 56703K, committed 57024K, reserved 1105920K
  class space    used 6756K, committed 6912K, reserved 1048576K
}
Event: 4.306 GC heap before
{Heap before GC invocations=24 (full 0):
 garbage-first heap   total 91136K, used 70263K [0x000000008a600000, 0x0000000100000000)
  region size 1024K, 23 young (23552K), 1 survivors (1024K)
 Metaspace       used 57207K, committed 57536K, reserved 1105920K
  class space    used 6790K, committed 6976K, reserved 1048576K
}
Event: 4.316 GC heap after
{Heap after GC invocations=25 (full 0):
 garbage-first heap   total 91136K, used 51513K [0x000000008a600000, 0x0000000100000000)
  region size 1024K, 3 young (3072K), 3 survivors (3072K)
 Metaspace       used 57207K, committed 57536K, reserved 1105920K
  class space    used 6790K, committed 6976K, reserved 1048576K
}
Event: 4.632 GC heap before
{Heap before GC invocations=26 (full 0):
 garbage-first heap   total 91136K, used 70969K [0x000000008a600000, 0x0000000100000000)
  region size 1024K, 22 young (22528K), 3 survivors (3072K)
 Metaspace       used 61373K, committed 61696K, reserved 1105920K
  class space    used 7307K, committed 7424K, reserved 1048576K
}
Event: 4.639 GC heap after
{Heap after GC invocations=27 (full 0):
 garbage-first heap   total 91136K, used 53244K [0x000000008a600000, 0x0000000100000000)
  region size 1024K, 2 young (2048K), 2 survivors (2048K)
 Metaspace       used 61373K, committed 61696K, reserved 1105920K
  class space    used 7307K, committed 7424K, reserved 1048576K
}
Event: 4.666 GC heap before
{Heap before GC invocations=27 (full 0):
 garbage-first heap   total 91136K, used 55292K [0x000000008a600000, 0x0000000100000000)
  region size 1024K, 4 young (4096K), 2 survivors (2048K)
 Metaspace       used 61679K, committed 62016K, reserved 1105920K
  class space    used 7353K, committed 7488K, reserved 1048576K
}
Event: 4.670 GC heap after
{Heap after GC invocations=28 (full 0):
 garbage-first heap   total 91136K, used 53433K [0x000000008a600000, 0x0000000100000000)
  region size 1024K, 1 young (1024K), 1 survivors (1024K)
 Metaspace       used 61679K, committed 62016K, reserved 1105920K
  class space    used 7353K, committed 7488K, reserved 1048576K
}
Event: 4.927 GC heap before
{Heap before GC invocations=28 (full 0):
 garbage-first heap   total 91136K, used 71865K [0x000000008a600000, 0x0000000100000000)
  region size 1024K, 20 young (20480K), 1 survivors (1024K)
 Metaspace       used 64377K, committed 64768K, reserved 1114112K
  class space    used 7611K, committed 7808K, reserved 1048576K
}
Event: 4.933 GC heap after
{Heap after GC invocations=29 (full 0):
 garbage-first heap   total 198656K, used 55940K [0x000000008a600000, 0x0000000100000000)
  region size 1024K, 3 young (3072K), 3 survivors (3072K)
 Metaspace       used 64377K, committed 64768K, reserved 1114112K
  class space    used 7611K, committed 7808K, reserved 1048576K
}
Event: 6.122 GC heap before
{Heap before GC invocations=30 (full 0):
 garbage-first heap   total 191488K, used 146052K [0x000000008a600000, 0x0000000100000000)
  region size 1024K, 91 young (93184K), 3 survivors (3072K)
 Metaspace       used 75398K, committed 75840K, reserved 1122304K
  class space    used 8583K, committed 8768K, reserved 1048576K
}
Event: 6.131 GC heap after
{Heap after GC invocations=31 (full 0):
 garbage-first heap   total 191488K, used 64771K [0x000000008a600000, 0x0000000100000000)
  region size 1024K, 12 young (12288K), 12 survivors (12288K)
 Metaspace       used 75398K, committed 75840K, reserved 1122304K
  class space    used 8583K, committed 8768K, reserved 1048576K
}
Event: 6.151 GC heap before
{Heap before GC invocations=31 (full 0):
 garbage-first heap   total 191488K, used 65795K [0x000000008a600000, 0x0000000100000000)
  region size 1024K, 13 young (13312K), 12 survivors (12288K)
 Metaspace       used 75559K, committed 75968K, reserved 1122304K
  class space    used 8596K, committed 8768K, reserved 1048576K
}
Event: 6.158 GC heap after
{Heap after GC invocations=32 (full 0):
 garbage-first heap   total 191488K, used 65811K [0x000000008a600000, 0x0000000100000000)
  region size 1024K, 2 young (2048K), 2 survivors (2048K)
 Metaspace       used 75559K, committed 75968K, reserved 1122304K
  class space    used 8596K, committed 8768K, reserved 1048576K
}

